[18-Jun-2025 23:05:09 Europe/Berlin] PHP Warning:  require(vendor/autoload.php): Failed to open stream: No such file or directory in C:\xampp\htdocs\My Website\php\firebase_config.php on line 2
[18-Jun-2025 23:05:09 Europe/Berlin] PHP Fatal error:  Uncaught Error: Failed opening required 'vendor/autoload.php' (include_path='C:\xampp\php\PEAR') in C:\xampp\htdocs\My Website\php\firebase_config.php:2
Stack trace:
#0 C:\xampp\htdocs\My Website\php\signup_process.php(16): require_once()
#1 {main}
  thrown in C:\xampp\htdocs\My Website\php\firebase_config.php on line 2
[18-Jun-2025 23:06:04 Europe/Berlin] PHP Warning:  require(vendor/autoload.php): Failed to open stream: No such file or directory in C:\xampp\htdocs\My Website\php\firebase_config.php on line 2
[18-Jun-2025 23:06:04 Europe/Berlin] PHP Fatal error:  Uncaught Error: Failed opening required 'vendor/autoload.php' (include_path='C:\xampp\php\PEAR') in C:\xampp\htdocs\My Website\php\firebase_config.php:2
Stack trace:
#0 C:\xampp\htdocs\My Website\php\signup_process.php(16): require_once()
#1 {main}
  thrown in C:\xampp\htdocs\My Website\php\firebase_config.php on line 2
[18-Jun-2025 23:11:01 Europe/Berlin] PHP Warning:  require(vendor/autoload.php): Failed to open stream: No such file or directory in C:\xampp\htdocs\My Website\php\firebase_config.php on line 2
[18-Jun-2025 23:11:01 Europe/Berlin] PHP Fatal error:  Uncaught Error: Failed opening required 'vendor/autoload.php' (include_path='C:\xampp\php\PEAR') in C:\xampp\htdocs\My Website\php\firebase_config.php:2
Stack trace:
#0 C:\xampp\htdocs\My Website\php\signup_process.php(16): require_once()
#1 {main}
  thrown in C:\xampp\htdocs\My Website\php\firebase_config.php on line 2
[18-Jun-2025 23:28:28 Europe/Berlin] PHP Warning:  require(vendor/autoload.php): Failed to open stream: No such file or directory in C:\xampp\htdocs\My Website\php\firebase_config.php on line 2
[18-Jun-2025 23:28:28 Europe/Berlin] PHP Fatal error:  Uncaught Error: Failed opening required 'vendor/autoload.php' (include_path='C:\xampp\php\PEAR') in C:\xampp\htdocs\My Website\php\firebase_config.php:2
Stack trace:
#0 C:\xampp\htdocs\My Website\php\signup_process.php(16): require_once()
#1 {main}
  thrown in C:\xampp\htdocs\My Website\php\firebase_config.php on line 2
[18-Jun-2025 23:34:12 Europe/Berlin] PHP Warning:  require(vendor/autoload.php): Failed to open stream: No such file or directory in C:\xampp\htdocs\My Website\php\firebase_config.php on line 2
[18-Jun-2025 23:34:12 Europe/Berlin] PHP Fatal error:  Uncaught Error: Failed opening required 'vendor/autoload.php' (include_path='C:\xampp\php\PEAR') in C:\xampp\htdocs\My Website\php\firebase_config.php:2
Stack trace:
#0 C:\xampp\htdocs\My Website\php\signup_process.php(16): require_once()
#1 {main}
  thrown in C:\xampp\htdocs\My Website\php\firebase_config.php on line 2
[18-Jun-2025 23:43:15 Europe/Berlin] General error: Composer dependencies missing. Run "composer install". in C:\xampp\htdocs\My Website\php\signup_process.php:19
[18-Jun-2025 23:48:18 Europe/Berlin] General error: Composer dependencies missing. Run "composer install". in C:\xampp\htdocs\My Website\php\signup_process.php:19
[18-Jun-2025 23:56:15 Europe/Berlin] General error: Composer dependencies missing. Run "composer install" in /My Website/php/
[19-Jun-2025 00:03:33 Europe/Berlin] PHP Parse error:  syntax error, unexpected token "use" in C:\xampp\htdocs\My Website\php\firebase_config.php on line 13
[19-Jun-2025 00:10:08 Europe/Berlin] PHP Fatal error:  Uncaught PDOException: SQLSTATE[42S22]: Column not found: 1054 Unknown column 'id' in 'field list' in C:\xampp\htdocs\My Website\php\get_events.php:6
Stack trace:
#0 C:\xampp\htdocs\My Website\php\get_events.php(6): PDO->query('SELECT id, titl...')
#1 {main}
  thrown in C:\xampp\htdocs\My Website\php\get_events.php on line 6
[19-Jun-2025 10:40:31 Europe/Berlin] PHP Fatal error:  Uncaught PDOException: SQLSTATE[42S22]: Column not found: 1054 Unknown column 'id' in 'field list' in C:\xampp\htdocs\My Website\php\get_events.php:6
Stack trace:
#0 C:\xampp\htdocs\My Website\php\get_events.php(6): PDO->query('SELECT id, titl...')
#1 {main}
  thrown in C:\xampp\htdocs\My Website\php\get_events.php on line 6
[19-Jun-2025 10:42:11 Europe/Berlin] PHP Fatal error:  Uncaught PDOException: SQLSTATE[42S22]: Column not found: 1054 Unknown column 'id' in 'field list' in C:\xampp\htdocs\My Website\php\get_events.php:6
Stack trace:
#0 C:\xampp\htdocs\My Website\php\get_events.php(6): PDO->query('SELECT id, titl...')
#1 {main}
  thrown in C:\xampp\htdocs\My Website\php\get_events.php on line 6
[19-Jun-2025 11:51:42 Europe/Berlin] PHP Fatal error:  Uncaught PDOException: SQLSTATE[42S22]: Column not found: 1054 Unknown column 'id' in 'field list' in C:\xampp\htdocs\My Website\php\get_events.php:6
Stack trace:
#0 C:\xampp\htdocs\My Website\php\get_events.php(6): PDO->query('SELECT id, titl...')
#1 {main}
  thrown in C:\xampp\htdocs\My Website\php\get_events.php on line 6
[19-Jun-2025 11:52:30 Europe/Berlin] PHP Fatal error:  Uncaught PDOException: SQLSTATE[42S22]: Column not found: 1054 Unknown column 'id' in 'field list' in C:\xampp\htdocs\My Website\php\get_events.php:6
Stack trace:
#0 C:\xampp\htdocs\My Website\php\get_events.php(6): PDO->query('SELECT id, titl...')
#1 {main}
  thrown in C:\xampp\htdocs\My Website\php\get_events.php on line 6
[19-Jun-2025 11:53:31 Europe/Berlin] PHP Fatal error:  Uncaught PDOException: SQLSTATE[42S22]: Column not found: 1054 Unknown column 'id' in 'field list' in C:\xampp\htdocs\My Website\php\get_events.php:6
Stack trace:
#0 C:\xampp\htdocs\My Website\php\get_events.php(6): PDO->query('SELECT id, titl...')
#1 {main}
  thrown in C:\xampp\htdocs\My Website\php\get_events.php on line 6
[19-Jun-2025 11:57:18 Europe/Berlin] PHP Fatal error:  Uncaught PDOException: SQLSTATE[42S22]: Column not found: 1054 Unknown column 'id' in 'field list' in C:\xampp\htdocs\My Website\php\get_events.php:6
Stack trace:
#0 C:\xampp\htdocs\My Website\php\get_events.php(6): PDO->query('SELECT id, titl...')
#1 {main}
  thrown in C:\xampp\htdocs\My Website\php\get_events.php on line 6
[19-Jun-2025 11:57:37 Europe/Berlin] PHP Fatal error:  Uncaught PDOException: SQLSTATE[42S22]: Column not found: 1054 Unknown column 'id' in 'field list' in C:\xampp\htdocs\My Website\php\get_events.php:6
Stack trace:
#0 C:\xampp\htdocs\My Website\php\get_events.php(6): PDO->query('SELECT id, titl...')
#1 {main}
  thrown in C:\xampp\htdocs\My Website\php\get_events.php on line 6
[19-Jun-2025 12:01:53 Europe/Berlin] PHP Fatal error:  Uncaught PDOException: SQLSTATE[42S22]: Column not found: 1054 Unknown column 'id' in 'field list' in C:\xampp\htdocs\My Website\php\get_events.php:6
Stack trace:
#0 C:\xampp\htdocs\My Website\php\get_events.php(6): PDO->query('SELECT id, titl...')
#1 {main}
  thrown in C:\xampp\htdocs\My Website\php\get_events.php on line 6
[19-Jun-2025 12:06:15 Europe/Berlin] PHP Fatal error:  Uncaught PDOException: SQLSTATE[42S22]: Column not found: 1054 Unknown column 'id' in 'field list' in C:\xampp\htdocs\My Website\php\get_events.php:6
Stack trace:
#0 C:\xampp\htdocs\My Website\php\get_events.php(6): PDO->query('SELECT id, titl...')
#1 {main}
  thrown in C:\xampp\htdocs\My Website\php\get_events.php on line 6
[19-Jun-2025 12:13:47 Europe/Berlin] PHP Fatal error:  Uncaught PDOException: SQLSTATE[42S22]: Column not found: 1054 Unknown column 'id' in 'field list' in C:\xampp\htdocs\My Website\php\get_events.php:6
Stack trace:
#0 C:\xampp\htdocs\My Website\php\get_events.php(6): PDO->query('SELECT id, titl...')
#1 {main}
  thrown in C:\xampp\htdocs\My Website\php\get_events.php on line 6
[19-Jun-2025 12:23:45 Europe/Berlin] PHP Fatal error:  Uncaught PDOException: SQLSTATE[42S22]: Column not found: 1054 Unknown column 'id' in 'field list' in C:\xampp\htdocs\My Website\php\get_events.php:6
Stack trace:
#0 C:\xampp\htdocs\My Website\php\get_events.php(6): PDO->query('SELECT id, titl...')
#1 {main}
  thrown in C:\xampp\htdocs\My Website\php\get_events.php on line 6
[19-Jun-2025 12:23:54 Europe/Berlin] PHP Fatal error:  Uncaught PDOException: SQLSTATE[42S22]: Column not found: 1054 Unknown column 'id' in 'field list' in C:\xampp\htdocs\My Website\php\get_events.php:6
Stack trace:
#0 C:\xampp\htdocs\My Website\php\get_events.php(6): PDO->query('SELECT id, titl...')
#1 {main}
  thrown in C:\xampp\htdocs\My Website\php\get_events.php on line 6
[19-Jun-2025 12:24:49 Europe/Berlin] PHP Fatal error:  Uncaught PDOException: SQLSTATE[42S22]: Column not found: 1054 Unknown column 'id' in 'field list' in C:\xampp\htdocs\My Website\php\get_events.php:6
Stack trace:
#0 C:\xampp\htdocs\My Website\php\get_events.php(6): PDO->query('SELECT id, titl...')
#1 {main}
  thrown in C:\xampp\htdocs\My Website\php\get_events.php on line 6
[19-Jun-2025 12:31:23 Europe/Berlin] PHP Fatal error:  Uncaught PDOException: SQLSTATE[42S22]: Column not found: 1054 Unknown column 'id' in 'field list' in C:\xampp\htdocs\My Website\php\get_events.php:6
Stack trace:
#0 C:\xampp\htdocs\My Website\php\get_events.php(6): PDO->query('SELECT id, titl...')
#1 {main}
  thrown in C:\xampp\htdocs\My Website\php\get_events.php on line 6
[19-Jun-2025 12:32:01 Europe/Berlin] PHP Fatal error:  Uncaught PDOException: SQLSTATE[42S22]: Column not found: 1054 Unknown column 'id' in 'field list' in C:\xampp\htdocs\My Website\php\get_events.php:6
Stack trace:
#0 C:\xampp\htdocs\My Website\php\get_events.php(6): PDO->query('SELECT id, titl...')
#1 {main}
  thrown in C:\xampp\htdocs\My Website\php\get_events.php on line 6
[19-Jun-2025 12:32:47 Europe/Berlin] PHP Fatal error:  Uncaught PDOException: SQLSTATE[42S22]: Column not found: 1054 Unknown column 'id' in 'field list' in C:\xampp\htdocs\My Website\php\get_events.php:6
Stack trace:
#0 C:\xampp\htdocs\My Website\php\get_events.php(6): PDO->query('SELECT id, titl...')
#1 {main}
  thrown in C:\xampp\htdocs\My Website\php\get_events.php on line 6
[19-Jun-2025 12:33:06 Europe/Berlin] PHP Fatal error:  Uncaught PDOException: SQLSTATE[42S22]: Column not found: 1054 Unknown column 'id' in 'field list' in C:\xampp\htdocs\My Website\php\get_events.php:6
Stack trace:
#0 C:\xampp\htdocs\My Website\php\get_events.php(6): PDO->query('SELECT id, titl...')
#1 {main}
  thrown in C:\xampp\htdocs\My Website\php\get_events.php on line 6
[19-Jun-2025 12:33:11 Europe/Berlin] PHP Fatal error:  Uncaught PDOException: SQLSTATE[42S22]: Column not found: 1054 Unknown column 'id' in 'field list' in C:\xampp\htdocs\My Website\php\get_events.php:6
Stack trace:
#0 C:\xampp\htdocs\My Website\php\get_events.php(6): PDO->query('SELECT id, titl...')
#1 {main}
  thrown in C:\xampp\htdocs\My Website\php\get_events.php on line 6
[19-Jun-2025 12:34:58 Europe/Berlin] PHP Fatal error:  Uncaught PDOException: SQLSTATE[42S22]: Column not found: 1054 Unknown column 'id' in 'field list' in C:\xampp\htdocs\My Website\php\get_events.php:6
Stack trace:
#0 C:\xampp\htdocs\My Website\php\get_events.php(6): PDO->query('SELECT id, titl...')
#1 {main}
  thrown in C:\xampp\htdocs\My Website\php\get_events.php on line 6
[19-Jun-2025 12:36:43 Europe/Berlin] PHP Fatal error:  Uncaught PDOException: SQLSTATE[42S22]: Column not found: 1054 Unknown column 'id' in 'field list' in C:\xampp\htdocs\My Website\php\get_events.php:6
Stack trace:
#0 C:\xampp\htdocs\My Website\php\get_events.php(6): PDO->query('SELECT id, titl...')
#1 {main}
  thrown in C:\xampp\htdocs\My Website\php\get_events.php on line 6
[19-Jun-2025 12:37:15 Europe/Berlin] PHP Fatal error:  Uncaught PDOException: SQLSTATE[42S22]: Column not found: 1054 Unknown column 'id' in 'field list' in C:\xampp\htdocs\My Website\php\get_events.php:6
Stack trace:
#0 C:\xampp\htdocs\My Website\php\get_events.php(6): PDO->query('SELECT id, titl...')
#1 {main}
  thrown in C:\xampp\htdocs\My Website\php\get_events.php on line 6
[19-Jun-2025 12:50:13 Europe/Berlin] PHP Fatal error:  Uncaught PDOException: SQLSTATE[42S22]: Column not found: 1054 Unknown column 'id' in 'field list' in C:\xampp\htdocs\My Website\php\get_events.php:6
Stack trace:
#0 C:\xampp\htdocs\My Website\php\get_events.php(6): PDO->query('SELECT id, titl...')
#1 {main}
  thrown in C:\xampp\htdocs\My Website\php\get_events.php on line 6
[19-Jun-2025 12:58:35 Europe/Berlin] PHP Fatal error:  Uncaught PDOException: SQLSTATE[42S22]: Column not found: 1054 Unknown column 'id' in 'field list' in C:\xampp\htdocs\My Website\php\get_events.php:6
Stack trace:
#0 C:\xampp\htdocs\My Website\php\get_events.php(6): PDO->query('SELECT id, titl...')
#1 {main}
  thrown in C:\xampp\htdocs\My Website\php\get_events.php on line 6
[22-Jun-2025 20:03:23 Europe/Berlin] PHP Fatal error:  Uncaught PDOException: SQLSTATE[42S22]: Column not found: 1054 Unknown column 'id' in 'field list' in C:\xampp\htdocs\My Website\php\get_events.php:6
Stack trace:
#0 C:\xampp\htdocs\My Website\php\get_events.php(6): PDO->query('SELECT id, titl...')
#1 {main}
  thrown in C:\xampp\htdocs\My Website\php\get_events.php on line 6
[21-Oct-2025 13:09:20 Europe/Berlin] PHP Fatal error:  Uncaught PDOException: SQLSTATE[42S22]: Column not found: 1054 Unknown column 'id' in 'field list' in C:\xampp\htdocs\My Website\php\get_events.php:6
Stack trace:
#0 C:\xampp\htdocs\My Website\php\get_events.php(6): PDO->query('SELECT id, titl...')
#1 {main}
  thrown in C:\xampp\htdocs\My Website\php\get_events.php on line 6
[21-Oct-2025 13:10:54 Europe/Berlin] PHP Fatal error:  Uncaught PDOException: SQLSTATE[42S22]: Column not found: 1054 Unknown column 'id' in 'field list' in C:\xampp\htdocs\My Website\php\get_events.php:6
Stack trace:
#0 C:\xampp\htdocs\My Website\php\get_events.php(6): PDO->query('SELECT id, titl...')
#1 {main}
  thrown in C:\xampp\htdocs\My Website\php\get_events.php on line 6
[21-Oct-2025 13:27:30 Europe/Berlin] PHP Fatal error:  Uncaught PDOException: SQLSTATE[42S22]: Column not found: 1054 Unknown column 'id' in 'field list' in C:\xampp\htdocs\My Website\php\get_events.php:6
Stack trace:
#0 C:\xampp\htdocs\My Website\php\get_events.php(6): PDO->query('SELECT id, titl...')
#1 {main}
  thrown in C:\xampp\htdocs\My Website\php\get_events.php on line 6
[21-Oct-2025 13:27:34 Europe/Berlin] PHP Fatal error:  Uncaught PDOException: SQLSTATE[42S22]: Column not found: 1054 Unknown column 'id' in 'field list' in C:\xampp\htdocs\My Website\php\get_events.php:6
Stack trace:
#0 C:\xampp\htdocs\My Website\php\get_events.php(6): PDO->query('SELECT id, titl...')
#1 {main}
  thrown in C:\xampp\htdocs\My Website\php\get_events.php on line 6
[21-Oct-2025 13:30:48 Europe/Berlin] PHP Fatal error:  Uncaught PDOException: SQLSTATE[42S22]: Column not found: 1054 Unknown column 'id' in 'field list' in C:\xampp\htdocs\My Website\php\get_events.php:6
Stack trace:
#0 C:\xampp\htdocs\My Website\php\get_events.php(6): PDO->query('SELECT id, titl...')
#1 {main}
  thrown in C:\xampp\htdocs\My Website\php\get_events.php on line 6
[21-Oct-2025 13:32:45 Europe/Berlin] PHP Fatal error:  Uncaught PDOException: SQLSTATE[42S22]: Column not found: 1054 Unknown column 'id' in 'field list' in C:\xampp\htdocs\My Website\php\get_events.php:6
Stack trace:
#0 C:\xampp\htdocs\My Website\php\get_events.php(6): PDO->query('SELECT id, titl...')
#1 {main}
  thrown in C:\xampp\htdocs\My Website\php\get_events.php on line 6
[21-Oct-2025 13:32:54 Europe/Berlin] PHP Fatal error:  Uncaught PDOException: SQLSTATE[42S22]: Column not found: 1054 Unknown column 'id' in 'field list' in C:\xampp\htdocs\My Website\php\get_events.php:6
Stack trace:
#0 C:\xampp\htdocs\My Website\php\get_events.php(6): PDO->query('SELECT id, titl...')
#1 {main}
  thrown in C:\xampp\htdocs\My Website\php\get_events.php on line 6
[21-Oct-2025 13:33:06 Europe/Berlin] PHP Fatal error:  Uncaught PDOException: SQLSTATE[42S22]: Column not found: 1054 Unknown column 'id' in 'field list' in C:\xampp\htdocs\My Website\php\get_events.php:6
Stack trace:
#0 C:\xampp\htdocs\My Website\php\get_events.php(6): PDO->query('SELECT id, titl...')
#1 {main}
  thrown in C:\xampp\htdocs\My Website\php\get_events.php on line 6
[21-Oct-2025 13:33:21 Europe/Berlin] PHP Fatal error:  Uncaught PDOException: SQLSTATE[42S22]: Column not found: 1054 Unknown column 'id' in 'field list' in C:\xampp\htdocs\My Website\php\get_events.php:6
Stack trace:
#0 C:\xampp\htdocs\My Website\php\get_events.php(6): PDO->query('SELECT id, titl...')
#1 {main}
  thrown in C:\xampp\htdocs\My Website\php\get_events.php on line 6
[21-Oct-2025 13:33:26 Europe/Berlin] PHP Fatal error:  Uncaught PDOException: SQLSTATE[42S22]: Column not found: 1054 Unknown column 'id' in 'field list' in C:\xampp\htdocs\My Website\php\get_events.php:6
Stack trace:
#0 C:\xampp\htdocs\My Website\php\get_events.php(6): PDO->query('SELECT id, titl...')
#1 {main}
  thrown in C:\xampp\htdocs\My Website\php\get_events.php on line 6
[21-Oct-2025 13:33:32 Europe/Berlin] PHP Fatal error:  Uncaught PDOException: SQLSTATE[42S22]: Column not found: 1054 Unknown column 'id' in 'field list' in C:\xampp\htdocs\My Website\php\get_events.php:6
Stack trace:
#0 C:\xampp\htdocs\My Website\php\get_events.php(6): PDO->query('SELECT id, titl...')
#1 {main}
  thrown in C:\xampp\htdocs\My Website\php\get_events.php on line 6
[21-Oct-2025 13:33:41 Europe/Berlin] PHP Fatal error:  Uncaught PDOException: SQLSTATE[42S22]: Column not found: 1054 Unknown column 'id' in 'field list' in C:\xampp\htdocs\My Website\php\get_events.php:6
Stack trace:
#0 C:\xampp\htdocs\My Website\php\get_events.php(6): PDO->query('SELECT id, titl...')
#1 {main}
  thrown in C:\xampp\htdocs\My Website\php\get_events.php on line 6
[21-Oct-2025 13:33:47 Europe/Berlin] PHP Fatal error:  Uncaught PDOException: SQLSTATE[42S22]: Column not found: 1054 Unknown column 'id' in 'field list' in C:\xampp\htdocs\My Website\php\get_events.php:6
Stack trace:
#0 C:\xampp\htdocs\My Website\php\get_events.php(6): PDO->query('SELECT id, titl...')
#1 {main}
  thrown in C:\xampp\htdocs\My Website\php\get_events.php on line 6
[21-Oct-2025 13:33:59 Europe/Berlin] PHP Fatal error:  Uncaught PDOException: SQLSTATE[42S22]: Column not found: 1054 Unknown column 'id' in 'field list' in C:\xampp\htdocs\My Website\php\get_events.php:6
Stack trace:
#0 C:\xampp\htdocs\My Website\php\get_events.php(6): PDO->query('SELECT id, titl...')
#1 {main}
  thrown in C:\xampp\htdocs\My Website\php\get_events.php on line 6
[21-Oct-2025 13:34:07 Europe/Berlin] PHP Fatal error:  Uncaught PDOException: SQLSTATE[42S22]: Column not found: 1054 Unknown column 'id' in 'field list' in C:\xampp\htdocs\My Website\php\get_events.php:6
Stack trace:
#0 C:\xampp\htdocs\My Website\php\get_events.php(6): PDO->query('SELECT id, titl...')
#1 {main}
  thrown in C:\xampp\htdocs\My Website\php\get_events.php on line 6
[21-Oct-2025 13:35:53 Europe/Berlin] PHP Fatal error:  Uncaught PDOException: SQLSTATE[42S22]: Column not found: 1054 Unknown column 'id' in 'field list' in C:\xampp\htdocs\My Website\php\get_events.php:6
Stack trace:
#0 C:\xampp\htdocs\My Website\php\get_events.php(6): PDO->query('SELECT id, titl...')
#1 {main}
  thrown in C:\xampp\htdocs\My Website\php\get_events.php on line 6
[21-Oct-2025 13:35:56 Europe/Berlin] PHP Fatal error:  Uncaught PDOException: SQLSTATE[42S22]: Column not found: 1054 Unknown column 'id' in 'field list' in C:\xampp\htdocs\My Website\php\get_events.php:6
Stack trace:
#0 C:\xampp\htdocs\My Website\php\get_events.php(6): PDO->query('SELECT id, titl...')
#1 {main}
  thrown in C:\xampp\htdocs\My Website\php\get_events.php on line 6
[21-Oct-2025 13:36:02 Europe/Berlin] PHP Fatal error:  Uncaught PDOException: SQLSTATE[42S22]: Column not found: 1054 Unknown column 'id' in 'field list' in C:\xampp\htdocs\My Website\php\get_events.php:6
Stack trace:
#0 C:\xampp\htdocs\My Website\php\get_events.php(6): PDO->query('SELECT id, titl...')
#1 {main}
  thrown in C:\xampp\htdocs\My Website\php\get_events.php on line 6
[21-Oct-2025 13:43:27 Europe/Berlin] PHP Fatal error:  Uncaught PDOException: SQLSTATE[42S22]: Column not found: 1054 Unknown column 'id' in 'field list' in C:\xampp\htdocs\My Website\php\get_events.php:6
Stack trace:
#0 C:\xampp\htdocs\My Website\php\get_events.php(6): PDO->query('SELECT id, titl...')
#1 {main}
  thrown in C:\xampp\htdocs\My Website\php\get_events.php on line 6
[21-Oct-2025 13:43:35 Europe/Berlin] PHP Fatal error:  Uncaught PDOException: SQLSTATE[42S22]: Column not found: 1054 Unknown column 'id' in 'field list' in C:\xampp\htdocs\My Website\php\get_events.php:6
Stack trace:
#0 C:\xampp\htdocs\My Website\php\get_events.php(6): PDO->query('SELECT id, titl...')
#1 {main}
  thrown in C:\xampp\htdocs\My Website\php\get_events.php on line 6
[21-Oct-2025 13:43:41 Europe/Berlin] PHP Fatal error:  Uncaught PDOException: SQLSTATE[42S22]: Column not found: 1054 Unknown column 'id' in 'field list' in C:\xampp\htdocs\My Website\php\get_events.php:6
Stack trace:
#0 C:\xampp\htdocs\My Website\php\get_events.php(6): PDO->query('SELECT id, titl...')
#1 {main}
  thrown in C:\xampp\htdocs\My Website\php\get_events.php on line 6
[21-Oct-2025 14:13:41 Europe/Berlin] PHP Fatal error:  Uncaught PDOException: SQLSTATE[42S22]: Column not found: 1054 Unknown column 'id' in 'field list' in C:\xampp\htdocs\My Website\php\get_events.php:6
Stack trace:
#0 C:\xampp\htdocs\My Website\php\get_events.php(6): PDO->query('SELECT id, titl...')
#1 {main}
  thrown in C:\xampp\htdocs\My Website\php\get_events.php on line 6
[21-Oct-2025 14:13:48 Europe/Berlin] PHP Fatal error:  Uncaught PDOException: SQLSTATE[42S22]: Column not found: 1054 Unknown column 'id' in 'field list' in C:\xampp\htdocs\My Website\php\get_events.php:6
Stack trace:
#0 C:\xampp\htdocs\My Website\php\get_events.php(6): PDO->query('SELECT id, titl...')
#1 {main}
  thrown in C:\xampp\htdocs\My Website\php\get_events.php on line 6
[21-Oct-2025 15:10:02 Europe/Berlin] PHP Fatal error:  Uncaught PDOException: SQLSTATE[42S22]: Column not found: 1054 Unknown column 'id' in 'field list' in C:\xampp\htdocs\My Website\php\get_events.php:6
Stack trace:
#0 C:\xampp\htdocs\My Website\php\get_events.php(6): PDO->query('SELECT id, titl...')
#1 {main}
  thrown in C:\xampp\htdocs\My Website\php\get_events.php on line 6
[21-Oct-2025 15:10:14 Europe/Berlin] PHP Fatal error:  Uncaught PDOException: SQLSTATE[42S22]: Column not found: 1054 Unknown column 'id' in 'field list' in C:\xampp\htdocs\My Website\php\get_events.php:6
Stack trace:
#0 C:\xampp\htdocs\My Website\php\get_events.php(6): PDO->query('SELECT id, titl...')
#1 {main}
  thrown in C:\xampp\htdocs\My Website\php\get_events.php on line 6
[21-Oct-2025 15:10:21 Europe/Berlin] PHP Fatal error:  Uncaught PDOException: SQLSTATE[42S22]: Column not found: 1054 Unknown column 'id' in 'field list' in C:\xampp\htdocs\My Website\php\get_events.php:6
Stack trace:
#0 C:\xampp\htdocs\My Website\php\get_events.php(6): PDO->query('SELECT id, titl...')
#1 {main}
  thrown in C:\xampp\htdocs\My Website\php\get_events.php on line 6
[21-Oct-2025 15:30:25 Europe/Berlin] PHP Fatal error:  Uncaught PDOException: SQLSTATE[42S22]: Column not found: 1054 Unknown column 'id' in 'field list' in C:\xampp\htdocs\My Website\php\get_events.php:6
Stack trace:
#0 C:\xampp\htdocs\My Website\php\get_events.php(6): PDO->query('SELECT id, titl...')
#1 {main}
  thrown in C:\xampp\htdocs\My Website\php\get_events.php on line 6
[21-Oct-2025 15:30:28 Europe/Berlin] PHP Fatal error:  Uncaught PDOException: SQLSTATE[42S22]: Column not found: 1054 Unknown column 'id' in 'field list' in C:\xampp\htdocs\My Website\php\get_events.php:6
Stack trace:
#0 C:\xampp\htdocs\My Website\php\get_events.php(6): PDO->query('SELECT id, titl...')
#1 {main}
  thrown in C:\xampp\htdocs\My Website\php\get_events.php on line 6
[21-Oct-2025 15:30:45 Europe/Berlin] PHP Fatal error:  Uncaught PDOException: SQLSTATE[42S22]: Column not found: 1054 Unknown column 'id' in 'field list' in C:\xampp\htdocs\My Website\php\get_events.php:6
Stack trace:
#0 C:\xampp\htdocs\My Website\php\get_events.php(6): PDO->query('SELECT id, titl...')
#1 {main}
  thrown in C:\xampp\htdocs\My Website\php\get_events.php on line 6
[21-Oct-2025 15:31:42 Europe/Berlin] PHP Fatal error:  Uncaught PDOException: SQLSTATE[42S22]: Column not found: 1054 Unknown column 'id' in 'field list' in C:\xampp\htdocs\My Website\php\get_events.php:6
Stack trace:
#0 C:\xampp\htdocs\My Website\php\get_events.php(6): PDO->query('SELECT id, titl...')
#1 {main}
  thrown in C:\xampp\htdocs\My Website\php\get_events.php on line 6
[21-Oct-2025 16:02:27 Europe/Berlin] PHP Fatal error:  Uncaught PDOException: SQLSTATE[42S22]: Column not found: 1054 Unknown column 'id' in 'field list' in C:\xampp\htdocs\My Website\php\get_events.php:6
Stack trace:
#0 C:\xampp\htdocs\My Website\php\get_events.php(6): PDO->query('SELECT id, titl...')
#1 {main}
  thrown in C:\xampp\htdocs\My Website\php\get_events.php on line 6
[21-Oct-2025 16:03:34 Europe/Berlin] PHP Fatal error:  Uncaught PDOException: SQLSTATE[42S22]: Column not found: 1054 Unknown column 'id' in 'field list' in C:\xampp\htdocs\My Website\php\get_events.php:6
Stack trace:
#0 C:\xampp\htdocs\My Website\php\get_events.php(6): PDO->query('SELECT id, titl...')
#1 {main}
  thrown in C:\xampp\htdocs\My Website\php\get_events.php on line 6
[21-Oct-2025 16:05:06 Europe/Berlin] PHP Fatal error:  Uncaught PDOException: SQLSTATE[42S22]: Column not found: 1054 Unknown column 'id' in 'field list' in C:\xampp\htdocs\My Website\php\get_events.php:6
Stack trace:
#0 C:\xampp\htdocs\My Website\php\get_events.php(6): PDO->query('SELECT id, titl...')
#1 {main}
  thrown in C:\xampp\htdocs\My Website\php\get_events.php on line 6
[21-Oct-2025 16:05:06 Europe/Berlin] PHP Fatal error:  Uncaught PDOException: SQLSTATE[42S22]: Column not found: 1054 Unknown column 'id' in 'field list' in C:\xampp\htdocs\My Website\php\get_events.php:6
Stack trace:
#0 C:\xampp\htdocs\My Website\php\get_events.php(6): PDO->query('SELECT id, titl...')
#1 {main}
  thrown in C:\xampp\htdocs\My Website\php\get_events.php on line 6
[21-Oct-2025 16:11:01 Europe/Berlin] PHP Fatal error:  Uncaught PDOException: SQLSTATE[42S22]: Column not found: 1054 Unknown column 'id' in 'field list' in C:\xampp\htdocs\My Website\php\get_events.php:6
Stack trace:
#0 C:\xampp\htdocs\My Website\php\get_events.php(6): PDO->query('SELECT id, titl...')
#1 {main}
  thrown in C:\xampp\htdocs\My Website\php\get_events.php on line 6
[21-Oct-2025 16:12:25 Europe/Berlin] PHP Fatal error:  Uncaught PDOException: SQLSTATE[42S22]: Column not found: 1054 Unknown column 'id' in 'field list' in C:\xampp\htdocs\My Website\php\get_events.php:6
Stack trace:
#0 C:\xampp\htdocs\My Website\php\get_events.php(6): PDO->query('SELECT id, titl...')
#1 {main}
  thrown in C:\xampp\htdocs\My Website\php\get_events.php on line 6
[21-Oct-2025 16:13:08 Europe/Berlin] PHP Fatal error:  Uncaught PDOException: SQLSTATE[42S22]: Column not found: 1054 Unknown column 'id' in 'field list' in C:\xampp\htdocs\My Website\php\get_events.php:6
Stack trace:
#0 C:\xampp\htdocs\My Website\php\get_events.php(6): PDO->query('SELECT id, titl...')
#1 {main}
  thrown in C:\xampp\htdocs\My Website\php\get_events.php on line 6
[23-Oct-2025 13:18:05 Europe/Berlin] General error: Invalid request method.
[23-Oct-2025 13:18:05 Europe/Berlin] General error: Invalid request method.
[23-Oct-2025 14:47:18 Europe/Berlin] General error: Invalid request method.
[23-Oct-2025 14:47:18 Europe/Berlin] General error: Invalid request method.
[23-Oct-2025 14:51:58 Europe/Berlin] General error: Invalid request method.
[23-Oct-2025 14:51:58 Europe/Berlin] General error: Invalid request method.
[23-Oct-2025 14:56:25 Europe/Berlin] General error: Invalid request method.
[23-Oct-2025 14:56:25 Europe/Berlin] General error: Invalid request method.
[23-Oct-2025 15:00:01 Europe/Berlin] General error: Invalid request method.
[23-Oct-2025 15:00:01 Europe/Berlin] General error: Invalid request method.
[23-Oct-2025 15:02:09 Europe/Berlin] General error: Invalid request method.
[23-Oct-2025 15:02:09 Europe/Berlin] General error: Invalid request method.
[23-Oct-2025 16:15:44 Europe/Berlin] General error: Invalid request method.
[23-Oct-2025 16:15:44 Europe/Berlin] General error: Invalid request method.
[23-Oct-2025 18:41:10 Europe/Berlin] General error: Invalid request method.
[23-Oct-2025 18:41:10 Europe/Berlin] General error: Invalid request method.
[23-Oct-2025 19:17:51 Europe/Berlin] General error: Invalid request method.
[23-Oct-2025 19:17:51 Europe/Berlin] General error: Invalid request method.
[23-Oct-2025 19:24:05 Europe/Berlin] General error: Invalid request method.
[23-Oct-2025 19:24:05 Europe/Berlin] General error: Invalid request method.
[23-Oct-2025 19:26:48 Europe/Berlin] General error: User not found.
[23-Oct-2025 19:26:48 Europe/Berlin] Unexpected error: Call to a member function prepare() on null
[23-Oct-2025 19:28:43 Europe/Berlin] General error: User not found.
[23-Oct-2025 19:28:43 Europe/Berlin] General error: User not found.
[23-Oct-2025 19:33:52 Europe/Berlin] General error: User not found.
[23-Oct-2025 19:40:38 Europe/Berlin] General error: User not found.
[24-Oct-2025 07:31:45 Europe/Berlin] General error: User not found.
[24-Oct-2025 07:31:45 Europe/Berlin] General error: User not found.
[24-Oct-2025 07:37:34 Europe/Berlin] General error: User not found.
[24-Oct-2025 07:37:34 Europe/Berlin] General error: User not found.
[24-Oct-2025 07:43:25 Europe/Berlin] General error: User not found.
[24-Oct-2025 07:43:25 Europe/Berlin] General error: User not found.
[24-Oct-2025 07:49:18 Europe/Berlin] General error: User not found.
[24-Oct-2025 07:49:18 Europe/Berlin] General error: User not found.
[24-Oct-2025 07:52:56 Europe/Berlin] General error: User not found.
[24-Oct-2025 07:52:56 Europe/Berlin] General error: User not found.
[24-Oct-2025 07:56:40 Europe/Berlin] General error: User not found.
[24-Oct-2025 07:56:40 Europe/Berlin] General error: User not found.
[24-Oct-2025 07:56:49 Europe/Berlin] General error: User not found.
[24-Oct-2025 07:56:49 Europe/Berlin] General error: User not found.
[24-Oct-2025 08:01:37 Europe/Berlin] General error: User not found.
[24-Oct-2025 08:01:37 Europe/Berlin] General error: User not found.
[24-Oct-2025 08:04:49 Europe/Berlin] General error: User not found.
[24-Oct-2025 08:04:49 Europe/Berlin] General error: User not found.
